<?xml version="1.0" encoding="utf-8"?><testsuites name="pytest tests"><testsuite name="pytest" errors="0" failures="0" skipped="0" tests="7" time="14.480" timestamp="2026-05-08T14:45:02.248003+00:00" hostname="agent-env-065e25b3-f4a2-4f68-93be-9dcbe056f19b"><testcase classname="backend.tests.test_chat_intake" name="test_intake_dense_message_extracts_all_fields" time="3.776" /><testcase classname="backend.tests.test_chat_intake" name="test_intake_single_short_message_kerala" time="1.424" /><testcase classname="backend.tests.test_chat_intake" name="test_intake_multi_turn_carries_forward_destination" time="2.053" /><testcase classname="backend.tests.test_chat_intake" name="test_intake_empty_messages_handled" time="1.044" /><testcase classname="backend.tests.test_chat_intake" name="test_intake_gibberish_message_handled" time="1.387" /><testcase classname="backend.tests.test_chat_intake" name="test_intake_unicode_destination_tokyo" time="2.996" /><testcase classname="backend.tests.test_chat_intake" name="test_intake_unicode_destination_ile_de_re" time="1.619" /></testsuite></testsuites>