<?xml version="1.0" encoding="utf-8"?><testsuites name="pytest tests"><testsuite name="pytest" errors="0" failures="1" skipped="0" tests="9" time="71.811" timestamp="2026-05-08T15:09:49.313257+00:00" hostname="agent-env-065e25b3-f4a2-4f68-93be-9dcbe056f19b"><testcase classname="backend.tests.test_phase5_streaming_export" name="test_stream_content_type_and_no_buffering" time="0.213"><failure message="AssertionError: assert '' == 'no'&#10;  &#10;  - no">backend/tests/test_phase5_streaming_export.py:82: in test_stream_content_type_and_no_buffering
    assert r.headers.get("x-accel-buffering", "").lower() == "no"
E   AssertionError: assert '' == 'no'
E     
E     - no</failure></testcase><testcase classname="backend.tests.test_phase5_streaming_export" name="test_stream_status_then_done" time="30.769" /><testcase classname="backend.tests.test_phase5_streaming_export" name="test_stream_destination_aware_message" time="0.000" /><testcase classname="backend.tests.test_phase5_streaming_export" name="test_stream_validates_input" time="0.240" /><testcase classname="backend.tests.test_phase5_streaming_export" name="test_non_stream_generate_still_works" time="39.754" /><testcase classname="backend.tests.test_phase5_streaming_export" name="test_export_invalid_email" time="0.069" /><testcase classname="backend.tests.test_phase5_streaming_export" name="test_export_non_existent_trip" time="0.063" /><testcase classname="backend.tests.test_phase5_streaming_export" name="test_export_wrong_guest_id" time="0.063" /><testcase classname="backend.tests.test_phase5_streaming_export" name="test_export_success_creates_share_token" time="0.533" /></testsuite></testsuites>