<?xml version="1.0" encoding="utf-8"?><testsuites name="pytest tests"><testsuite name="pytest" errors="0" failures="0" skipped="0" tests="23" time="100.089" timestamp="2026-05-07T22:17:31.782750+00:00" hostname="agent-env-065e25b3-f4a2-4f68-93be-9dcbe056f19b"><testcase classname="backend.tests.test_memento_api" name="test_root" time="0.305" /><testcase classname="backend.tests.test_memento_api" name="test_auth_me_unauthenticated" time="0.075" /><testcase classname="backend.tests.test_memento_api" name="test_auth_session_bogus" time="0.205" /><testcase classname="backend.tests.test_memento_api" name="test_auth_logout_idempotent" time="0.071" /><testcase classname="backend.tests.test_memento_api" name="test_auth_me_with_seeded_session" time="0.546" /><testcase classname="backend.tests.test_memento_api" name="test_trips_list_guest_empty" time="0.077" /><testcase classname="backend.tests.test_memento_api" name="test_generate_trip_status" time="30.237" /><testcase classname="backend.tests.test_memento_api" name="test_generate_trip_schema" time="0.000" /><testcase classname="backend.tests.test_memento_api" name="test_trips_list_after_generate" time="0.082" /><testcase classname="backend.tests.test_memento_api" name="test_get_trip_by_id_success" time="0.077" /><testcase classname="backend.tests.test_memento_api" name="test_get_trip_wrong_guest_id" time="0.070" /><testcase classname="backend.tests.test_memento_api" name="test_get_trip_non_existent" time="0.070" /><testcase classname="backend.tests.test_memento_api" name="test_trips_list_authed_bearer" time="0.070" /><testcase classname="backend.tests.test_memento_api" name="test_generate_trip_authed_bearer" time="29.899" /><testcase classname="backend.tests.test_memento_api" name="test_share_create_and_read" time="0.255" /><testcase classname="backend.tests.test_memento_api" name="test_share_read_bogus_token" time="0.071" /><testcase classname="backend.tests.test_memento_api" name="test_share_create_wrong_guest_403" time="0.069" /><testcase classname="backend.tests.test_memento_api" name="test_saved_create_list_delete" time="0.276" /><testcase classname="backend.tests.test_memento_api" name="test_booking_prices_deterministic" time="0.945" /><testcase classname="backend.tests.test_memento_api" name="test_edit_trip_non_existent" time="0.073" /><testcase classname="backend.tests.test_memento_api" name="test_edit_trip_wrong_guest_403" time="0.068" /><testcase classname="backend.tests.test_memento_api" name="test_edit_trip_llm" time="35.766" /><testcase classname="backend.tests.test_memento_api" name="test_zz_delete_trip" time="0.588" /></testsuite></testsuites>