<?xml version="1.0" encoding="utf-8"?><testsuites name="pytest tests"><testsuite name="pytest" errors="0" failures="0" skipped="0" tests="30" time="116.750" timestamp="2026-05-08T14:45:21.152071+00:00" hostname="agent-env-065e25b3-f4a2-4f68-93be-9dcbe056f19b"><testcase classname="backend.tests.test_chat_intake" name="test_intake_dense_message_extracts_all_fields" time="2.823" /><testcase classname="backend.tests.test_chat_intake" name="test_intake_single_short_message_kerala" time="1.270" /><testcase classname="backend.tests.test_chat_intake" name="test_intake_multi_turn_carries_forward_destination" time="1.744" /><testcase classname="backend.tests.test_chat_intake" name="test_intake_empty_messages_handled" time="1.361" /><testcase classname="backend.tests.test_chat_intake" name="test_intake_gibberish_message_handled" time="1.336" /><testcase classname="backend.tests.test_chat_intake" name="test_intake_unicode_destination_tokyo" time="1.837" /><testcase classname="backend.tests.test_chat_intake" name="test_intake_unicode_destination_ile_de_re" time="1.788" /><testcase classname="backend.tests.test_memento_api" name="test_root" time="0.240" /><testcase classname="backend.tests.test_memento_api" name="test_auth_me_unauthenticated" time="0.077" /><testcase classname="backend.tests.test_memento_api" name="test_auth_session_bogus" time="0.172" /><testcase classname="backend.tests.test_memento_api" name="test_auth_logout_idempotent" time="0.073" /><testcase classname="backend.tests.test_memento_api" name="test_auth_me_with_seeded_session" time="1.757" /><testcase classname="backend.tests.test_memento_api" name="test_trips_list_guest_empty" time="0.074" /><testcase classname="backend.tests.test_memento_api" name="test_generate_trip_status" time="35.606" /><testcase classname="backend.tests.test_memento_api" name="test_generate_trip_schema" time="0.000" /><testcase classname="backend.tests.test_memento_api" name="test_trips_list_after_generate" time="0.063" /><testcase classname="backend.tests.test_memento_api" name="test_get_trip_by_id_success" time="0.061" /><testcase classname="backend.tests.test_memento_api" name="test_get_trip_wrong_guest_id" time="0.062" /><testcase classname="backend.tests.test_memento_api" name="test_get_trip_non_existent" time="0.066" /><testcase classname="backend.tests.test_memento_api" name="test_trips_list_authed_bearer" time="0.061" /><testcase classname="backend.tests.test_memento_api" name="test_generate_trip_authed_bearer" time="33.967" /><testcase classname="backend.tests.test_memento_api" name="test_share_create_and_read" time="0.272" /><testcase classname="backend.tests.test_memento_api" name="test_share_read_bogus_token" time="0.063" /><testcase classname="backend.tests.test_memento_api" name="test_share_create_wrong_guest_403" time="0.057" /><testcase classname="backend.tests.test_memento_api" name="test_saved_create_list_delete" time="0.265" /><testcase classname="backend.tests.test_memento_api" name="test_booking_prices_deterministic" time="0.922" /><testcase classname="backend.tests.test_memento_api" name="test_edit_trip_non_existent" time="0.070" /><testcase classname="backend.tests.test_memento_api" name="test_edit_trip_wrong_guest_403" time="0.061" /><testcase classname="backend.tests.test_memento_api" name="test_edit_trip_llm" time="30.031" /><testcase classname="backend.tests.test_memento_api" name="test_zz_delete_trip" time="0.495" /></testsuite></testsuites>